T0948 000:001.857   SEGGER J-Link V8.10f Log File
T0948 000:002.056   DLL Compiled: Nov  6 2024 16:02:06
T0948 000:002.074   Logging started @ 2025-01-14 07:46
T0948 000:002.092   Process: C:\Users\a5059726\.eclipse\com.renesas.platform_1812769531\DebugComp\RA\e2-server-gdb.exe
T0948 000:002.114 - 2.110ms 
T0948 000:002.139 JLINK_GetDLLVersion()
T0948 000:002.157 - 0.018ms returns 81006
T0948 000:007.299 JLINK_OpenEx(...)
T0948 000:017.534   Firmware: J-Link OB-RA4M2 compiled Oct  9 2024 11:01:47
T0948 000:018.537   Firmware: J-Link OB-RA4M2 compiled Oct  9 2024 11:01:47
T0948 000:032.204   Hardware: V1.00
T0948 000:032.306   S/N: 1086764990
T0948 000:032.331   OEM: SEGGER
T0948 000:032.353   Feature(s): None
T0948 000:033.493   Bootloader: 2021 May 14
T0948 000:034.125   USB speed mode: Full speed (12 MBit/s)
T0948 000:034.681   TELNET listener socket opened on port 19021
T0948 000:034.895   WEBSRV WEBSRV_Init(): Starting webserver thread(s)
T0948 000:035.104   WEBSRV Webserver running on local port 19080
T0948 000:035.405   Looking for J-Link GUI Server exe at: C:\Users\a5059726\.eclipse\com.renesas.platform_1812769531\DebugComp\RA\ARM\Segger_v8.10.6\JLinkGUIServer.exe
T0948 000:035.792   Looking for J-Link GUI Server exe at: \JLinkGUIServer.exe
T0948 000:340.671   Failed to connect to J-Link GUI Server.
T0948 000:340.754 - 333.442ms returns "O.K."
T0948 000:341.018 JLINK_ExecCommand("ProjectFile=C:\d_disk\RenesasMCUHWM\RCar\Gen4\R-Car_V4M\code\VoiceRecognization\renesas-RA6E1-speech-recognition/renesas-RA6E1-speech-recognition.elf.jlink", ...). 
T0948 000:387.215 - 46.199ms returns 0x00
T0948 000:387.743 JLINK_ExecCommand("device=R7FA6E10F", ...). 
T0948 000:387.962   Flash bank @ 0x0100A100: SFL: Parsing sectorization info from ELF file
T0948 000:387.991     FlashDevice.SectorInfo[0]: .SectorSize = 0x00000010, .SectorStartAddr = 0x00000000
T0948 000:388.015   FlashBank @0x0100A100: Sectorization info from SFL ELF file ignored because sectorization override from DLL / XML file is active.
T0948 000:388.578   Flash bank @ 0x60000000: SFL: Parsing sectorization info from ELF file
T0948 000:388.633     FlashDevice.SectorInfo[0]: .SectorSize = 0x00010000, .SectorStartAddr = 0x00000000
T0948 000:391.381   Device "R7FA6E10F" selected.
T0948 000:392.131 - 4.360ms returns 0x00
T0948 000:392.175 JLINK_TIF_GetAvailable(...)
T0948 000:392.374 - 0.199ms 
T0948 000:392.400 JLINK_TIF_Select(JLINKARM_TIF_SWD)
T0948 000:392.971 - 0.571ms returns 0x00
T0948 000:393.017 JLINK_SetSpeed(4000)
T0948 000:393.111 - 0.101ms 
T0948 000:393.167 JLINK_ReadMem(0xE000EDF0, 0x4 Bytes, ...)
T0948 000:393.426   ConfigTargetSettings() start
T0948 000:393.477    J-Link Script File: Executing ConfigTargetSettings()
T0948 000:393.505   Configuring FlashDLNoRMWThreshold=0x200 in order to make sure that option bytes programming is done via read-modify-write
T0948 000:415.162   ConfigTargetSettings() end - Took 21.6ms
T0948 000:415.197   InitTarget() start
T0948 000:415.221    J-Link Script File: Executing InitTarget()
T0948 000:415.238   SWD selected. Executing JTAG -> SWD switching sequence.
T0948 000:416.726   DAP initialized successfully.
T0948 000:416.753   Determining TrustZone configuration...
T0948 000:417.499     Secure Debug: Enabled (SSD)
T0948 000:417.523   Determining currently configured transfer type by reading the AHB-AP CSW register.
T0948 000:418.065     --> Correct transfer type configured. Done.
T0948 000:418.092   InitTarget() end - Took 2.87ms
T0948 000:418.644   Found SW-DP with ID 0x6BA02477
T0948 000:420.551   DPIDR: 0x6BA02477
T0948 000:420.593   CoreSight SoC-400 or earlier
T0948 000:420.617   Scanning AP map to find all available APs
T0948 000:421.315   AP[2]: Stopped AP scan as end of AP map has been reached
T0948 000:421.369   AP[0]: AHB-AP (IDR: 0x84770001, ADDR: 0x00000000)
T0948 000:421.395   AP[1]: APB-AP (IDR: 0x54770002, ADDR: 0x01000000)
T0948 000:421.425   Iterating through AP map to find AHB-AP to use
T0948 000:422.280   AP[0]: Core found
T0948 000:422.321   AP[0]: AHB-AP ROM base: 0xE00FE000
T0948 000:422.796   CPUID register: 0x410FD214. Implementer code: 0x41 (ARM)
T0948 000:422.832   Feature set: Mainline
T0948 000:423.279   Cache: No cache
T0948 000:423.306   Found Cortex-M33 r0p4, Little endian.
T0948 000:423.670   -- Max. mem block: 0x0001D7E0
T0948 000:424.214   CPU_ReadMem(4 bytes @ 0xE000EDF0)
T0948 000:425.136   CPU_WriteMem(4 bytes @ 0xE000EDF0)
T0948 000:425.444   CPU_ReadMem(4 bytes @ 0xE0002000)
T0948 000:425.761   FPUnit: 8 code (BP) slots and 0 literal slots
T0948 000:425.788   CPU_ReadMem(4 bytes @ 0xE000EDFC)
T0948 000:426.064   CPU_WriteMem(4 bytes @ 0xE000EDFC)
T0948 000:426.339   CPU_ReadMem(4 bytes @ 0xE0001000)
T0948 000:426.594   CPU_ReadMem(4 bytes @ 0xE0001000)
T0948 000:426.856   CPU_ReadMem(4 bytes @ 0xE0001028)
T0948 000:427.146   CPU_ReadMem(4 bytes @ 0xE0001038)
T0948 000:427.401   CPU_ReadMem(4 bytes @ 0xE0001048)
T0948 000:427.665   CPU_ReadMem(4 bytes @ 0xE0001058)
T0948 000:427.940   CPU_WriteMem(4 bytes @ 0xE0001000)
T0948 000:428.213   CPU_ReadMem(4 bytes @ 0xE000ED88)
T0948 000:428.479   CPU_WriteMem(4 bytes @ 0xE000ED88)
T0948 000:428.779   CPU_ReadMem(4 bytes @ 0xE000ED88)
T0948 000:429.160   CPU_WriteMem(4 bytes @ 0xE000ED88)
T0948 000:429.455   CPU_ReadMem(4 bytes @ 0xE000EFB8)
T0948 000:429.770   Security extension: implemented
T0948 000:429.796   Secure debug: enabled
T0948 000:429.818   CoreSight components:
T0948 000:429.841   ROMTbl[0] @ E00FE000
T0948 000:429.864   CPU_ReadMem(64 bytes @ 0xE00FE000)
T0948 000:430.578   CPU_ReadMem(32 bytes @ 0xE0044FE0)
T0948 000:431.028   CPU_ReadMem(4 bytes @ 0xE0044FBC)
T0948 000:431.307   CPU_ReadMem(4 bytes @ 0xE0044FCC)
T0948 000:431.573   [0][0]: E0044000 CID B105900D PID 005BB906 DEVARCH 00000000 DEVTYPE 14 CTI (?)
T0948 000:431.600   CPU_ReadMem(32 bytes @ 0xE0047FE0)
T0948 000:432.101   CPU_ReadMem(4 bytes @ 0xE0047FBC)
T0948 000:432.402   CPU_ReadMem(4 bytes @ 0xE0047FCC)
T0948 000:432.672   [0][1]: E0047000 CID B105900D PID 003BB908 DEVARCH 00000000 DEVTYPE 12 CSTF
T0948 000:432.698   CPU_ReadMem(32 bytes @ 0xE0048FE0)
T0948 000:433.147   CPU_ReadMem(4 bytes @ 0xE0048FBC)
T0948 000:433.511   CPU_ReadMem(4 bytes @ 0xE0048FCC)
T0948 000:433.769   [0][2]: E0048000 CID B105900D PID 001BB961 DEVARCH 00000000 DEVTYPE 21 ETB
T0948 000:433.795   CPU_ReadMem(32 bytes @ 0xE0049FE0)
T0948 000:434.280   [0][3]: E0049000 CID B105F00D PID 001BB101 TSG
T0948 000:434.305   CPU_ReadMem(32 bytes @ 0xE0040FE0)
T0948 000:434.762   CPU_ReadMem(4 bytes @ 0xE0040FBC)
T0948 000:435.133   CPU_ReadMem(4 bytes @ 0xE0040FCC)
T0948 000:435.385   [0][4]: E0040000 CID B105900D PID 000BBD21 DEVARCH 00000000 DEVTYPE 11 TPIU
T0948 000:435.411   CPU_ReadMem(32 bytes @ 0xE00FFFE0)
T0948 000:435.871   [0][5]: E00FF000 CID B105100D PID 000BB4C9 ROM Table
T0948 000:435.895   ROMTbl[1] @ E00FF000
T0948 000:435.917   CPU_ReadMem(64 bytes @ 0xE00FF000)
T0948 000:436.578   CPU_ReadMem(32 bytes @ 0xE000EFE0)
T0948 000:437.027   CPU_ReadMem(4 bytes @ 0xE000EFBC)
T0948 000:437.308   CPU_ReadMem(4 bytes @ 0xE000EFCC)
T0948 000:437.563   [1][0]: E000E000 CID B105900D PID 000BBD21 DEVARCH 47702A04 DEVTYPE 00 Cortex-M33
T0948 000:437.589   CPU_ReadMem(32 bytes @ 0xE0001FE0)
T0948 000:438.042   CPU_ReadMem(4 bytes @ 0xE0001FBC)
T0948 000:438.314   CPU_ReadMem(4 bytes @ 0xE0001FCC)
T0948 000:438.570   [1][1]: E0001000 CID B105900D PID 000BBD21 DEVARCH 47701A02 DEVTYPE 00 DWT
T0948 000:438.610   CPU_ReadMem(32 bytes @ 0xE0002FE0)
T0948 000:439.095   CPU_ReadMem(4 bytes @ 0xE0002FBC)
T0948 000:439.385   CPU_ReadMem(4 bytes @ 0xE0002FCC)
T0948 000:439.646   [1][2]: E0002000 CID B105900D PID 000BBD21 DEVARCH 47701A03 DEVTYPE 00 FPB
T0948 000:439.673   CPU_ReadMem(32 bytes @ 0xE0000FE0)
T0948 000:440.086   CPU_ReadMem(4 bytes @ 0xE0000FBC)
T0948 000:440.357   CPU_ReadMem(4 bytes @ 0xE0000FCC)
T0948 000:440.655   [1][3]: E0000000 CID B105900D PID 000BBD21 DEVARCH 47701A01 DEVTYPE 43 ITM
T0948 000:440.693   CPU_ReadMem(32 bytes @ 0xE0041FE0)
T0948 000:441.200   CPU_ReadMem(4 bytes @ 0xE0041FBC)
T0948 000:441.496   CPU_ReadMem(4 bytes @ 0xE0041FCC)
T0948 000:441.770   [1][5]: E0041000 CID B105900D PID 002BBD21 DEVARCH 47724A13 DEVTYPE 13 ETM
T0948 000:441.797   CPU_ReadMem(32 bytes @ 0xE0042FE0)
T0948 000:442.296   CPU_ReadMem(4 bytes @ 0xE0042FBC)
T0948 000:442.603   CPU_ReadMem(4 bytes @ 0xE0042FCC)
T0948 000:442.857   [1][6]: E0042000 CID B105900D PID 000BBD21 DEVARCH 47701A14 DEVTYPE 14 CSS600-CTI
T0948 000:442.935   CPU_ReadMem(4 bytes @ 0xE000EDF0)
T0948 000:443.237   Data:  01 00 10 01
T0948 000:443.264   Debug reg: DHCSR
T0948 000:443.287 - 50.120ms returns 0
T0948 000:443.311 JLINK_ReadMem(0x400E002C, 0x4 Bytes, ...)
T0948 000:443.329   CPU_ReadMem(4 bytes @ 0x400E002C)
T0948 000:443.587   Data:  02 00 00 00
T0948 000:443.614 - 0.303ms returns 0
T0948 000:444.188 JLINK_ReadMem(0xE000EDF0, 0x4 Bytes, ...)
T0948 000:444.210   CPU_ReadMem(4 bytes @ 0xE000EDF0)
T0948 000:444.484   Data:  01 00 10 01
T0948 000:444.512   Debug reg: DHCSR
T0948 000:444.535 - 0.347ms returns 0
T0948 000:444.574 JLINK_ReadMem(0xE000EDF0, 0x4 Bytes, ...)
T0948 000:444.593   CPU_ReadMem(4 bytes @ 0xE000EDF0)
T0948 000:444.858   Data:  01 00 10 01
T0948 000:444.885   Debug reg: DHCSR
T0948 000:444.910 - 0.335ms returns 0
T0948 000:444.928 JLINK_ReadMem(0x400E001C, 0x4 Bytes, ...)
T0948 000:444.945   CPU_ReadMem(4 bytes @ 0x400E001C)
T0948 000:445.249   Data:  00 0C 03 00
T0948 000:445.298 - 0.370ms returns 0
T0948 000:445.318 JLINK_ReadMem(0xE000EDF0, 0x4 Bytes, ...)
T0948 000:445.336   CPU_ReadMem(4 bytes @ 0xE000EDF0)
T0948 000:445.635   Data:  01 00 10 01
T0948 000:445.661   Debug reg: DHCSR
T0948 000:445.683 - 0.365ms returns 0
T0948 000:445.700 JLINK_ReadMem(0x400E0018, 0x4 Bytes, ...)
T0948 000:445.716   CPU_ReadMem(4 bytes @ 0x400E0018)
T0948 000:446.020   Data:  00 80 03 00
T0948 000:446.066 - 0.366ms returns 0
T0948 000:446.084 JLINK_ReadMem(0xE000EDF0, 0x4 Bytes, ...)
T0948 000:446.101   CPU_ReadMem(4 bytes @ 0xE000EDF0)
T0948 000:446.435   Data:  01 00 10 01
T0948 000:446.461   Debug reg: DHCSR
T0948 000:446.483 - 0.399ms returns 0
T0948 000:446.500 JLINK_ReadMem(0x400E0020, 0x4 Bytes, ...)
T0948 000:446.516   CPU_ReadMem(4 bytes @ 0x400E0020)
T0948 000:446.867   Data:  00 00 00 00
T0948 000:446.894 - 0.394ms returns 0
T0948 000:446.912 JLINK_ReadMem(0xE000EDF0, 0x4 Bytes, ...)
T0948 000:446.929   CPU_ReadMem(4 bytes @ 0xE000EDF0)
T0948 000:447.340   Data:  01 00 10 01
T0948 000:447.365   Debug reg: DHCSR
T0948 000:447.388 - 0.475ms returns 0
T0948 000:447.404 JLINK_ReadMem(0x400E0028, 0x4 Bytes, ...)
T0948 000:447.420   CPU_ReadMem(4 bytes @ 0x400E0028)
T0948 000:447.715   Data:  00 2C 00 00
T0948 000:447.741 - 0.336ms returns 0
T0948 000:447.759 JLINK_ReadMem(0xE000EDF0, 0x4 Bytes, ...)
T0948 000:447.775   CPU_ReadMem(4 bytes @ 0xE000EDF0)
T0948 000:448.063   Data:  01 00 10 01
T0948 000:448.087   Debug reg: DHCSR
T0948 000:448.109 - 0.350ms returns 0
T0948 000:448.125 JLINK_ReadMem(0x400E0024, 0x4 Bytes, ...)
T0948 000:448.142   CPU_ReadMem(4 bytes @ 0x400E0024)
T0948 000:448.524   Data:  00 40 00 00
T0948 000:448.550 - 0.424ms returns 0
T0948 000:448.569 JLINK_ReadMem(0xE000EDF0, 0x4 Bytes, ...)
T0948 000:448.585   CPU_ReadMem(4 bytes @ 0xE000EDF0)
T0948 000:448.938   Data:  01 00 10 01
T0948 000:448.964   Debug reg: DHCSR
T0948 000:448.986 - 0.416ms returns 0
T0948 000:449.002 JLINK_ReadMem(0x400E002C, 0x4 Bytes, ...)
T0948 000:449.019   CPU_ReadMem(4 bytes @ 0x400E002C)
T0948 000:449.407   Data:  02 00 00 00
T0948 000:449.432 - 0.430ms returns 0
T0948 000:449.450 JLINK_ReadMem(0xE000EDF0, 0x4 Bytes, ...)
T0948 000:449.466   CPU_ReadMem(4 bytes @ 0xE000EDF0)
T0948 000:449.761   Data:  01 00 10 01
T0948 000:449.786   Debug reg: DHCSR
T0948 000:449.807 - 0.357ms returns 0
T0948 000:449.823 JLINK_ReadMem(0x400E002C, 0x4 Bytes, ...)
T0948 000:449.840   CPU_ReadMem(4 bytes @ 0x400E002C)
T0948 000:450.150   Data:  02 00 00 00
T0948 000:450.198 - 0.375ms returns 0
T0948 000:454.890 JLINK_Close()
T0948 000:468.223 - 13.332ms
T0948 000:468.270   
T0948 000:468.289   Closed
